<?xml version="1.0" encoding="UTF-8"?>
<testsuite xmlns:xsi="http://www.w3.org/2001/XMLSchema-instance" xsi:noNamespaceSchemaLocation="https://maven.apache.org/surefire/maven-surefire-plugin/xsd/surefire-test-report.xsd" version="3.0.2" name="com.luv2code.springboot.myfirstspringapp.MyfirstspringappApplicationTests" time="4.396" tests="1" errors="0" skipped="0" failures="0">
  <properties>
[...]
</properties>
  <testcase name="contextLoads" classname="com.luv2code.springboot.myfirstspringapp.MyfirstspringappApplicationTests" time="1.06">
    <system-out><![CDATA[21:49:36.377 [main] INFO org.springframework.test.context.support.AnnotationConfigContextLoaderUtils -- Could not detect default configuration classes for test class [com.luv2code.springboot.myfirstspringapp.MyfirstspringappApplicationTests]: MyfirstspringappApplicationTests does not declare any static, non-private, non-final, nested classes annotated with @Configuration.
21:49:36.620 [main] INFO org.springframework.boot.test.context.SpringBootTestContextBootstrapper -- Found @SpringBootConfiguration com.luv2code.springboot.myfirstspringapp.MyfirstspringappApplication for test class com.luv2code.springboot.myfirstspringapp.MyfirstspringappApplicationTests
21:49:36.973 [main] INFO org.springframework.boot.devtools.restart.RestartApplicationListener -- Restart disabled due to context in which it is running

  .   ____          _            __ _ _
 /\\ / ___'_ __ _ _(_)_ __  __ _ \ \ \ \
( ( )\___ | '_ | '_| | '_ \/ _` | \ \ \ \
 \\/  ___)| |_)| | | | | || (_| |  ) ) ) )
  '  |____| .__|_| |_|_| |_\__, | / / / /
 =========|_|==============|___/=/_/_/_/

 :: Spring Boot ::                (v4.0.2)

2026-02-18T21:49:37.492+07:00  INFO 24152 --- [myfirstspringapp] [           main] c.l.s.m.MyfirstspringappApplicationTests : Starting MyfirstspringappApplicationTests using Java 24.0.1 with PID 24152 (started by Handaya in C:\Users\Handaya\Documents\JavaLearn\learnSpring\learnDevTools)
2026-02-18T21:49:37.494+07:00  INFO 24152 --- [myfirstspringapp] [           main] c.l.s.m.MyfirstspringappApplicationTests : No active profile set, falling back to 1 default profile: "default"
2026-02-18T21:49:39.316+07:00  INFO 24152 --- [myfirstspringapp] [           main] c.l.s.m.MyfirstspringappApplicationTests : Started MyfirstspringappApplicationTests in 2.367 seconds (process running for 4.578)
]]></system-out>
    <system-err><![CDATA[Mockito is currently self-attaching to enable the inline-mock-maker. This will no longer work in future releases of the JDK. Please add Mockito as an agent to your build as described in Mockito's documentation: https://javadoc.io/doc/org.mockito/mockito-core/latest/org.mockito/org/mockito/Mockito.html#0.3
WARNING: A Java agent has been loaded dynamically (C:\Users\Handaya\.m2\repository\net\bytebuddy\byte-buddy-agent\1.17.8\byte-buddy-agent-1.17.8.jar)
WARNING: If a serviceability tool is in use, please run with -XX:+EnableDynamicAgentLoading to hide this warning
WARNING: If a serviceability tool is not in use, please run with -Djdk.instrument.traceUsage for more information
WARNING: Dynamic loading of agents will be disallowed by default in a future release
]]></system-err>
  </testcase>
</testsuite>